<?xml version="1.0" encoding="UTF-8"?>
<!-- Generated by org.testng.reporters.JUnitXMLReporter -->
<testsuite ignored="0" hostname="A900HO_L_A9687" failures="0" tests="4" name="Default test" time="23.718" errors="0" timestamp="2021-10-07T14:36:15 IST">
  <testcase classname="addressTestCases.AddressTest" name="createAddressTest" time="2.466"/>
  <testcase classname="addressTestCases.AddressTest" name="deleteAddress" time="3.636"/>
  <testcase classname="addressTestCases.AddressTest" name="getAddressTest" time="2.638"/>
  <testcase classname="addressTestCases.AddressTest" name="updateAddressTest" time="7.419"/>
</testsuite> <!-- Default test -->
