<?xml version="1.0" encoding="UTF-8"?>
<testng-results ignored="0" total="4" passed="4" failed="0" skipped="0">
  <reporter-output>
  </reporter-output>
  <suite started-at="2021-10-07T14:35:51 IST" name="Default suite" finished-at="2021-10-07T14:36:15 IST" duration-ms="23718">
    <groups>
    </groups>
    <test started-at="2021-10-07T14:35:51 IST" name="Default test" finished-at="2021-10-07T14:36:15 IST" duration-ms="23718">
      <class name="addressTestCases.AddressTest">
        <test-method is-config="true" signature="setup()[pri:0, instance:addressTestCases.AddressTest@3e84448c]" started-at="2021-10-07T14:35:51 IST" name="setup" finished-at="2021-10-07T14:35:59 IST" duration-ms="7514" status="PASS">
          <reporter-output>
          </reporter-output>
        </test-method> <!-- setup -->
        <test-method signature="createAddressTest()[pri:0, instance:addressTestCases.AddressTest@3e84448c]" started-at="2021-10-07T14:35:59 IST" name="createAddressTest" finished-at="2021-10-07T14:36:01 IST" duration-ms="2466" status="PASS">
          <reporter-output>
          </reporter-output>
        </test-method> <!-- createAddressTest -->
        <test-method signature="deleteAddress()[pri:0, instance:addressTestCases.AddressTest@3e84448c]" started-at="2021-10-07T14:36:01 IST" name="deleteAddress" finished-at="2021-10-07T14:36:05 IST" duration-ms="3636" status="PASS">
          <reporter-output>
          </reporter-output>
        </test-method> <!-- deleteAddress -->
        <test-method signature="getAddressTest()[pri:0, instance:addressTestCases.AddressTest@3e84448c]" started-at="2021-10-07T14:36:05 IST" name="getAddressTest" finished-at="2021-10-07T14:36:08 IST" duration-ms="2638" status="PASS">
          <reporter-output>
          </reporter-output>
        </test-method> <!-- getAddressTest -->
        <test-method signature="updateAddressTest()[pri:0, instance:addressTestCases.AddressTest@3e84448c]" started-at="2021-10-07T14:36:08 IST" name="updateAddressTest" finished-at="2021-10-07T14:36:15 IST" duration-ms="7419" status="PASS">
          <reporter-output>
          </reporter-output>
        </test-method> <!-- updateAddressTest -->
        <test-method is-config="true" signature="tearDown()[pri:0, instance:addressTestCases.AddressTest@3e84448c]" started-at="2021-10-07T14:36:15 IST" name="tearDown" finished-at="2021-10-07T14:36:15 IST" duration-ms="0" status="PASS">
          <reporter-output>
          </reporter-output>
        </test-method> <!-- tearDown -->
      </class> <!-- addressTestCases.AddressTest -->
    </test> <!-- Default test -->
  </suite> <!-- Default suite -->
</testng-results>
